2019-09-01 01:49:06.725  INFO 46299 --- [main] lavalink.server.Launcher                 : 

[32m       .  [31m _                  _ _       _    [32m__ _ _
[32m      /\\ [31m| | __ ___   ____ _| (_)_ __ | | __[32m\ \ \ \
[32m     ( ( )[31m| |/ _` \ \ / / _` | | | '_ \| |/ /[32m \ \ \ \
[32m      \\/ [31m| | (_| |\ V / (_| | | | | | |   < [32m  ) ) ) )
[32m       '  [31m|_|\__,_| \_/ \__,_|_|_|_| |_|_|\_\[32m / / / /
[0m    =========================================[32m/_/_/_/[0m

	Version:        3.2.1
	Build:          823
	Build time:     30.07.2019 03:50:59 CEST
	Branch          remove-oshiXstatsfix
	Commit:         2f17e97
	Commit time:    30.07.2019 03:38:58 CEST
	JVM:            12.0.2
	Lavaplayer      1.3.19

2019-09-01 01:49:06.772  INFO 46299 --- [main] o.s.boot.SpringApplication               : [32m       .  [31m _                  _ _       _    [32m__ _ _
[32m      /\\ [31m| | __ ___   ____ _| (_)_ __ | | __[32m\ \ \ \
[32m     ( ( )[31m| |/ _` \ \ / / _` | | | '_ \| |/ /[32m \ \ \ \
[32m      \\/ [31m| | (_| |\ V / (_| | | | | | |   < [32m  ) ) ) )
[32m       '  [31m|_|\__,_| \_/ \__,_|_|_|_| |_|_|\_\[32m / / / /
[39m    =========================================[32m/_/_/_/

[32m    :: Lavalink    :: [39m      
[32m    :: Spring Boot :: [39m       (v2.0.4.RELEASE)


2019-09-01 01:49:06.877  INFO 46299 --- [main] lavalink.server.Launcher                 : Starting Launcher on Juans-MacBook-Pro.local with PID 46299 (/Users/juanquenga/Recovered Files – Aug 29, 2019 at 12:00:23 PM/Documents/GitHub/discord-audio/LavaLink/Lavalink.jar started by juanquenga in /Users/juanquenga/Recovered Files – Aug 29, 2019 at 12:00:23 PM/Documents/GitHub/discord-audio/LavaLink)
2019-09-01 01:49:06.878  INFO 46299 --- [main] lavalink.server.Launcher                 : No active profile set, falling back to default profiles: default
2019-09-01 01:49:06.924  INFO 46299 --- [main] ConfigServletWebServerApplicationContext : Refreshing org.springframework.boot.web.servlet.context.AnnotationConfigServletWebServerApplicationContext@10b48321: startup date [Sun Sep 01 01:49:06 EDT 2019]; root of context hierarchy
2019-09-01 01:49:08.050  INFO 46299 --- [main] org.xnio                                 : XNIO version 3.3.8.Final
2019-09-01 01:49:08.075  INFO 46299 --- [main] org.xnio.nio                             : XNIO NIO Implementation Version 3.3.8.Final
2019-09-01 01:49:08.206  WARN 46299 --- [main] io.undertow.websockets.jsr               : UT026009: XNIO worker was not set on WebSocketDeploymentInfo, the default worker will be used
2019-09-01 01:49:08.206  WARN 46299 --- [main] io.undertow.websockets.jsr               : UT026010: Buffer pool was not set on WebSocketDeploymentInfo, the default pool will be used
2019-09-01 01:49:08.235  INFO 46299 --- [main] io.undertow.servlet                      : Initializing Spring embedded WebApplicationContext
2019-09-01 01:49:08.236  INFO 46299 --- [main] o.s.web.context.ContextLoader            : Root WebApplicationContext: initialization completed in 1312 ms
2019-09-01 01:49:08.308  INFO 46299 --- [main] o.s.b.w.servlet.ServletRegistrationBean  : Servlet dispatcherServlet mapped to [/]
2019-09-01 01:49:08.315  INFO 46299 --- [main] o.s.b.w.servlet.FilterRegistrationBean   : Mapping filter: 'characterEncodingFilter' to: [/*]
2019-09-01 01:49:08.316  INFO 46299 --- [main] o.s.b.w.servlet.FilterRegistrationBean   : Mapping filter: 'hiddenHttpMethodFilter' to: [/*]
2019-09-01 01:49:08.316  INFO 46299 --- [main] o.s.b.w.servlet.FilterRegistrationBean   : Mapping filter: 'httpPutFormContentFilter' to: [/*]
2019-09-01 01:49:08.316  INFO 46299 --- [main] o.s.b.w.servlet.FilterRegistrationBean   : Mapping filter: 'requestContextFilter' to: [/*]
2019-09-01 01:49:08.316  INFO 46299 --- [main] o.s.b.w.servlet.FilterRegistrationBean   : Mapping filter: 'responseHeaderFilter' to: [/*]
2019-09-01 01:49:08.373  INFO 46299 --- [main] l.s.c.AudioSendFactoryConfiguration      : OS: Mac OS X, Arch: x86_64
2019-09-01 01:49:08.373  WARN 46299 --- [main] l.s.c.AudioSendFactoryConfiguration      : This system and architecture appears to not support native audio sending! GC pauses may cause your bot to stutter during playback.
2019-09-01 01:49:08.389  WARN 46299 --- [main] l.server.config.SentryConfiguration      : Turning off sentry
2019-09-01 01:49:08.989  INFO 46299 --- [main] c.s.d.l.tools.GarbageCollectionMonitor   : GC monitoring enabled, reporting results every 2 minutes.
2019-09-01 01:49:09.068  INFO 46299 --- [main] o.s.w.s.s.s.WebSocketHandlerMapping      : Root mapping to handler of type [class org.springframework.web.socket.server.support.WebSocketHttpRequestHandler]
2019-09-01 01:49:09.249  INFO 46299 --- [main] o.s.w.s.handler.SimpleUrlHandlerMapping  : Mapped URL path [/**/favicon.ico] onto handler of type [class org.springframework.web.servlet.resource.ResourceHttpRequestHandler]
2019-09-01 01:49:09.490  INFO 46299 --- [main] s.w.s.m.m.a.RequestMappingHandlerAdapter : Looking for @ControllerAdvice: org.springframework.boot.web.servlet.context.AnnotationConfigServletWebServerApplicationContext@10b48321: startup date [Sun Sep 01 01:49:06 EDT 2019]; root of context hierarchy
2019-09-01 01:49:09.586  INFO 46299 --- [main] s.w.s.m.m.a.RequestMappingHandlerMapping : Mapped "{[/version],methods=[GET]}" onto public java.lang.String lavalink.server.info.InfoRestHandler.version()
2019-09-01 01:49:09.591  INFO 46299 --- [main] s.w.s.m.m.a.RequestMappingHandlerMapping : Mapped "{[/loadtracks],methods=[GET],produces=[application/json]}" onto public java.util.concurrent.CompletionStage<org.springframework.http.ResponseEntity<java.lang.String>> lavalink.server.player.AudioLoaderRestHandler.getLoadTracks(javax.servlet.http.HttpServletRequest,java.lang.String)
2019-09-01 01:49:09.591  INFO 46299 --- [main] s.w.s.m.m.a.RequestMappingHandlerMapping : Mapped "{[/decodetrack],methods=[GET],produces=[application/json]}" onto public org.springframework.http.ResponseEntity<java.lang.String> lavalink.server.player.AudioLoaderRestHandler.getDecodeTrack(javax.servlet.http.HttpServletRequest,java.lang.String) throws java.io.IOException
2019-09-01 01:49:09.591  INFO 46299 --- [main] s.w.s.m.m.a.RequestMappingHandlerMapping : Mapped "{[/decodetracks],methods=[POST],consumes=[application/json],produces=[application/json]}" onto public org.springframework.http.ResponseEntity<java.lang.String> lavalink.server.player.AudioLoaderRestHandler.postDecodeTracks(javax.servlet.http.HttpServletRequest,java.lang.String) throws java.io.IOException
2019-09-01 01:49:09.594  INFO 46299 --- [main] s.w.s.m.m.a.RequestMappingHandlerMapping : Mapped "{[/error]}" onto public org.springframework.http.ResponseEntity<java.util.Map<java.lang.String, java.lang.Object>> org.springframework.boot.autoconfigure.web.servlet.error.BasicErrorController.error(javax.servlet.http.HttpServletRequest)
2019-09-01 01:49:09.594  INFO 46299 --- [main] s.w.s.m.m.a.RequestMappingHandlerMapping : Mapped "{[/error],produces=[text/html]}" onto public org.springframework.web.servlet.ModelAndView org.springframework.boot.autoconfigure.web.servlet.error.BasicErrorController.errorHtml(javax.servlet.http.HttpServletRequest,javax.servlet.http.HttpServletResponse)
2019-09-01 01:49:09.622  INFO 46299 --- [main] o.s.w.s.handler.SimpleUrlHandlerMapping  : Mapped URL path [/webjars/**] onto handler of type [class org.springframework.web.servlet.resource.ResourceHttpRequestHandler]
2019-09-01 01:49:09.623  INFO 46299 --- [main] o.s.w.s.handler.SimpleUrlHandlerMapping  : Mapped URL path [/**] onto handler of type [class org.springframework.web.servlet.resource.ResourceHttpRequestHandler]
2019-09-01 01:49:09.847  INFO 46299 --- [main] o.s.j.e.a.AnnotationMBeanExporter        : Registering beans for JMX exposure on startup
2019-09-01 01:49:09.853  INFO 46299 --- [main] o.s.c.support.DefaultLifecycleProcessor  : Starting beans in phase 2147483647
2019-09-01 01:49:09.915  INFO 46299 --- [main] o.s.b.w.e.u.UndertowServletWebServer     : Undertow started on port(s) 2333 (http) with context path ''
2019-09-01 01:49:09.919  INFO 46299 --- [main] lavalink.server.Launcher                 : Started Launcher in 3.822 seconds (JVM running for 4.507)
2019-09-01 01:49:13.658  INFO 46299 --- [XNIO-2 task-1] io.undertow.servlet                      : Initializing Spring FrameworkServlet 'dispatcherServlet'
2019-09-01 01:49:13.659  INFO 46299 --- [XNIO-2 task-1] o.s.web.servlet.DispatcherServlet        : FrameworkServlet 'dispatcherServlet': initialization started
2019-09-01 01:49:13.673  INFO 46299 --- [XNIO-2 task-1] o.s.web.servlet.DispatcherServlet        : FrameworkServlet 'dispatcherServlet': initialization completed in 14 ms
2019-09-01 01:49:13.709  INFO 46299 --- [XNIO-2 task-1] l.server.player.AudioLoaderRestHandler   : GET /loadtracks
2019-09-01 01:49:14.832  INFO 46299 --- [lava-daemon-pool-info-loader-2-thread-1] lavalink.server.player.AudioLoader       : Loaded playlist Search results for: i warned myself
2019-09-01 01:51:57.345  INFO 46299 --- [Thread-1] ConfigServletWebServerApplicationContext : Closing org.springframework.boot.web.servlet.context.AnnotationConfigServletWebServerApplicationContext@10b48321: startup date [Sun Sep 01 01:49:06 EDT 2019]; root of context hierarchy
2019-09-01 01:51:57.347  INFO 46299 --- [Thread-1] o.s.c.support.DefaultLifecycleProcessor  : Stopping beans in phase 2147483647
2019-09-01 01:51:57.348  INFO 46299 --- [Thread-1] o.s.j.e.a.AnnotationMBeanExporter        : Unregistering JMX-exposed beans on shutdown
2019-09-01 01:51:57.349  INFO 46299 --- [Thread-1] c.s.d.l.tools.GarbageCollectionMonitor   : GC monitoring disabled.
2019-09-01 01:51:57.351  INFO 46299 --- [Thread-1] io.undertow.servlet                      : Destroying Spring FrameworkServlet 'dispatcherServlet'
2019-09-01 01:52:01.273  INFO 46314 --- [main] lavalink.server.Launcher                 : 

[32m       .  [31m _                  _ _       _    [32m__ _ _
[32m      /\\ [31m| | __ ___   ____ _| (_)_ __ | | __[32m\ \ \ \
[32m     ( ( )[31m| |/ _` \ \ / / _` | | | '_ \| |/ /[32m \ \ \ \
[32m      \\/ [31m| | (_| |\ V / (_| | | | | | |   < [32m  ) ) ) )
[32m       '  [31m|_|\__,_| \_/ \__,_|_|_|_| |_|_|\_\[32m / / / /
[0m    =========================================[32m/_/_/_/[0m

	Version:        3.2.1
	Build:          823
	Build time:     30.07.2019 03:50:59 CEST
	Branch          remove-oshiXstatsfix
	Commit:         2f17e97
	Commit time:    30.07.2019 03:38:58 CEST
	JVM:            12.0.2
	Lavaplayer      1.3.19

2019-09-01 01:52:01.314  INFO 46314 --- [main] o.s.boot.SpringApplication               : [32m       .  [31m _                  _ _       _    [32m__ _ _
[32m      /\\ [31m| | __ ___   ____ _| (_)_ __ | | __[32m\ \ \ \
[32m     ( ( )[31m| |/ _` \ \ / / _` | | | '_ \| |/ /[32m \ \ \ \
[32m      \\/ [31m| | (_| |\ V / (_| | | | | | |   < [32m  ) ) ) )
[32m       '  [31m|_|\__,_| \_/ \__,_|_|_|_| |_|_|\_\[32m / / / /
[39m    =========================================[32m/_/_/_/

[32m    :: Lavalink    :: [39m      
[32m    :: Spring Boot :: [39m       (v2.0.4.RELEASE)


2019-09-01 01:52:01.414  INFO 46314 --- [main] lavalink.server.Launcher                 : Starting Launcher on Juans-MacBook-Pro.local with PID 46314 (/Users/juanquenga/Recovered Files – Aug 29, 2019 at 12:00:23 PM/Documents/GitHub/discord-audio/LavaLink/Lavalink.jar started by juanquenga in /Users/juanquenga/Recovered Files – Aug 29, 2019 at 12:00:23 PM/Documents/GitHub/discord-audio/LavaLink)
2019-09-01 01:52:01.415  INFO 46314 --- [main] lavalink.server.Launcher                 : No active profile set, falling back to default profiles: default
2019-09-01 01:52:01.468  INFO 46314 --- [main] ConfigServletWebServerApplicationContext : Refreshing org.springframework.boot.web.servlet.context.AnnotationConfigServletWebServerApplicationContext@b59d31: startup date [Sun Sep 01 01:52:01 EDT 2019]; root of context hierarchy
2019-09-01 01:52:02.647  INFO 46314 --- [main] org.xnio                                 : XNIO version 3.3.8.Final
2019-09-01 01:52:02.667  INFO 46314 --- [main] org.xnio.nio                             : XNIO NIO Implementation Version 3.3.8.Final
2019-09-01 01:52:02.778  WARN 46314 --- [main] io.undertow.websockets.jsr               : UT026009: XNIO worker was not set on WebSocketDeploymentInfo, the default worker will be used
2019-09-01 01:52:02.778  WARN 46314 --- [main] io.undertow.websockets.jsr               : UT026010: Buffer pool was not set on WebSocketDeploymentInfo, the default pool will be used
2019-09-01 01:52:02.804  INFO 46314 --- [main] io.undertow.servlet                      : Initializing Spring embedded WebApplicationContext
2019-09-01 01:52:02.805  INFO 46314 --- [main] o.s.web.context.ContextLoader            : Root WebApplicationContext: initialization completed in 1337 ms
2019-09-01 01:52:02.873  INFO 46314 --- [main] o.s.b.w.servlet.ServletRegistrationBean  : Servlet dispatcherServlet mapped to [/]
2019-09-01 01:52:02.879  INFO 46314 --- [main] o.s.b.w.servlet.FilterRegistrationBean   : Mapping filter: 'characterEncodingFilter' to: [/*]
2019-09-01 01:52:02.880  INFO 46314 --- [main] o.s.b.w.servlet.FilterRegistrationBean   : Mapping filter: 'hiddenHttpMethodFilter' to: [/*]
2019-09-01 01:52:02.880  INFO 46314 --- [main] o.s.b.w.servlet.FilterRegistrationBean   : Mapping filter: 'httpPutFormContentFilter' to: [/*]
2019-09-01 01:52:02.880  INFO 46314 --- [main] o.s.b.w.servlet.FilterRegistrationBean   : Mapping filter: 'requestContextFilter' to: [/*]
2019-09-01 01:52:02.880  INFO 46314 --- [main] o.s.b.w.servlet.FilterRegistrationBean   : Mapping filter: 'responseHeaderFilter' to: [/*]
2019-09-01 01:52:02.935  INFO 46314 --- [main] l.s.c.AudioSendFactoryConfiguration      : OS: Mac OS X, Arch: x86_64
2019-09-01 01:52:02.936  WARN 46314 --- [main] l.s.c.AudioSendFactoryConfiguration      : This system and architecture appears to not support native audio sending! GC pauses may cause your bot to stutter during playback.
2019-09-01 01:52:02.957  WARN 46314 --- [main] l.server.config.SentryConfiguration      : Turning off sentry
2019-09-01 01:52:03.514  INFO 46314 --- [main] c.s.d.l.tools.GarbageCollectionMonitor   : GC monitoring enabled, reporting results every 2 minutes.
2019-09-01 01:52:03.629  INFO 46314 --- [main] o.s.w.s.s.s.WebSocketHandlerMapping      : Root mapping to handler of type [class org.springframework.web.socket.server.support.WebSocketHttpRequestHandler]
2019-09-01 01:52:03.878  INFO 46314 --- [main] o.s.w.s.handler.SimpleUrlHandlerMapping  : Mapped URL path [/**/favicon.ico] onto handler of type [class org.springframework.web.servlet.resource.ResourceHttpRequestHandler]
2019-09-01 01:52:04.200  INFO 46314 --- [main] s.w.s.m.m.a.RequestMappingHandlerAdapter : Looking for @ControllerAdvice: org.springframework.boot.web.servlet.context.AnnotationConfigServletWebServerApplicationContext@b59d31: startup date [Sun Sep 01 01:52:01 EDT 2019]; root of context hierarchy
2019-09-01 01:52:04.312  INFO 46314 --- [main] s.w.s.m.m.a.RequestMappingHandlerMapping : Mapped "{[/version],methods=[GET]}" onto public java.lang.String lavalink.server.info.InfoRestHandler.version()
2019-09-01 01:52:04.318  INFO 46314 --- [main] s.w.s.m.m.a.RequestMappingHandlerMapping : Mapped "{[/loadtracks],methods=[GET],produces=[application/json]}" onto public java.util.concurrent.CompletionStage<org.springframework.http.ResponseEntity<java.lang.String>> lavalink.server.player.AudioLoaderRestHandler.getLoadTracks(javax.servlet.http.HttpServletRequest,java.lang.String)
2019-09-01 01:52:04.319  INFO 46314 --- [main] s.w.s.m.m.a.RequestMappingHandlerMapping : Mapped "{[/decodetracks],methods=[POST],consumes=[application/json],produces=[application/json]}" onto public org.springframework.http.ResponseEntity<java.lang.String> lavalink.server.player.AudioLoaderRestHandler.postDecodeTracks(javax.servlet.http.HttpServletRequest,java.lang.String) throws java.io.IOException
2019-09-01 01:52:04.319  INFO 46314 --- [main] s.w.s.m.m.a.RequestMappingHandlerMapping : Mapped "{[/decodetrack],methods=[GET],produces=[application/json]}" onto public org.springframework.http.ResponseEntity<java.lang.String> lavalink.server.player.AudioLoaderRestHandler.getDecodeTrack(javax.servlet.http.HttpServletRequest,java.lang.String) throws java.io.IOException
2019-09-01 01:52:04.325  INFO 46314 --- [main] s.w.s.m.m.a.RequestMappingHandlerMapping : Mapped "{[/error]}" onto public org.springframework.http.ResponseEntity<java.util.Map<java.lang.String, java.lang.Object>> org.springframework.boot.autoconfigure.web.servlet.error.BasicErrorController.error(javax.servlet.http.HttpServletRequest)
2019-09-01 01:52:04.325  INFO 46314 --- [main] s.w.s.m.m.a.RequestMappingHandlerMapping : Mapped "{[/error],produces=[text/html]}" onto public org.springframework.web.servlet.ModelAndView org.springframework.boot.autoconfigure.web.servlet.error.BasicErrorController.errorHtml(javax.servlet.http.HttpServletRequest,javax.servlet.http.HttpServletResponse)
2019-09-01 01:52:04.371  INFO 46314 --- [main] o.s.w.s.handler.SimpleUrlHandlerMapping  : Mapped URL path [/webjars/**] onto handler of type [class org.springframework.web.servlet.resource.ResourceHttpRequestHandler]
2019-09-01 01:52:04.371  INFO 46314 --- [main] o.s.w.s.handler.SimpleUrlHandlerMapping  : Mapped URL path [/**] onto handler of type [class org.springframework.web.servlet.resource.ResourceHttpRequestHandler]
2019-09-01 01:52:04.615  INFO 46314 --- [main] o.s.j.e.a.AnnotationMBeanExporter        : Registering beans for JMX exposure on startup
2019-09-01 01:52:04.621  INFO 46314 --- [main] o.s.c.support.DefaultLifecycleProcessor  : Starting beans in phase 2147483647
2019-09-01 01:52:04.695  INFO 46314 --- [main] o.s.b.w.e.u.UndertowServletWebServer     : Undertow started on port(s) 2333 (http) with context path ''
2019-09-01 01:52:04.699  INFO 46314 --- [main] lavalink.server.Launcher                 : Started Launcher in 4.033 seconds (JVM running for 4.512)
